<?xml version="1.0" encoding="UTF-8"?>
<testng-results skipped="0" failed="0" ignored="0" total="2" passed="2">
  <reporter-output>
  </reporter-output>
  <suite name="Default suite" duration-ms="1017" started-at="2020-11-21T19:17:16 IST" finished-at="2020-11-21T19:17:17 IST">
    <groups>
    </groups>
    <test name="Default test" duration-ms="1017" started-at="2020-11-21T19:17:16 IST" finished-at="2020-11-21T19:17:17 IST">
      <class name="testNG_extents_report.Extentest">
        <test-method status="PASS" signature="beforeclasstest()[pri:0, instance:testNG_extents_report.Extentest@38c5cc4c]" name="beforeclasstest" is-config="true" duration-ms="284" started-at="2020-11-21T19:17:16 IST" finished-at="2020-11-21T19:17:16 IST">
          <reporter-output>
          </reporter-output>
        </test-method> <!-- beforeclasstest -->
        <test-method status="PASS" signature="beforemethodcheck()[pri:0, instance:testNG_extents_report.Extentest@38c5cc4c]" name="beforemethodcheck" is-config="true" duration-ms="11" started-at="2020-11-21T19:17:16 IST" finished-at="2020-11-21T19:17:16 IST">
          <reporter-output>
          </reporter-output>
        </test-method> <!-- beforemethodcheck -->
        <test-method status="PASS" signature="logintest()[pri:0, instance:testNG_extents_report.Extentest@38c5cc4c]" name="logintest" duration-ms="10" started-at="2020-11-21T19:17:16 IST" finished-at="2020-11-21T19:17:16 IST">
          <reporter-output>
          </reporter-output>
        </test-method> <!-- logintest -->
        <test-method status="PASS" signature="Aftermethodcheck(org.testng.ITestResult)[pri:0, instance:testNG_extents_report.Extentest@38c5cc4c]" name="Aftermethodcheck" is-config="true" duration-ms="4" started-at="2020-11-21T19:17:16 IST" finished-at="2020-11-21T19:17:16 IST">
          <params>
            <param index="0">
              <value>
                <![CDATA[[TestResult name=logintest status=SUCCESS method=Extentest.logintest()[pri:0, instance:testNG_extents_report.Extentest@38c5cc4c] output={null}]]]>
              </value>
            </param>
          </params>
          <reporter-output>
          </reporter-output>
        </test-method> <!-- Aftermethodcheck -->
        <test-method status="PASS" signature="beforemethodcheck()[pri:0, instance:testNG_extents_report.Extentest@38c5cc4c]" name="beforemethodcheck" is-config="true" duration-ms="1" started-at="2020-11-21T19:17:16 IST" finished-at="2020-11-21T19:17:16 IST">
          <reporter-output>
          </reporter-output>
        </test-method> <!-- beforemethodcheck -->
        <test-method status="PASS" signature="logouttest()[pri:0, instance:testNG_extents_report.Extentest@38c5cc4c]" name="logouttest" duration-ms="2" started-at="2020-11-21T19:17:16 IST" finished-at="2020-11-21T19:17:16 IST">
          <reporter-output>
          </reporter-output>
        </test-method> <!-- logouttest -->
        <test-method status="PASS" signature="Aftermethodcheck(org.testng.ITestResult)[pri:0, instance:testNG_extents_report.Extentest@38c5cc4c]" name="Aftermethodcheck" is-config="true" duration-ms="2" started-at="2020-11-21T19:17:16 IST" finished-at="2020-11-21T19:17:16 IST">
          <params>
            <param index="0">
              <value>
                <![CDATA[[TestResult name=logouttest status=SUCCESS method=Extentest.logouttest()[pri:0, instance:testNG_extents_report.Extentest@38c5cc4c] output={null}]]]>
              </value>
            </param>
          </params>
          <reporter-output>
          </reporter-output>
        </test-method> <!-- Aftermethodcheck -->
        <test-method status="PASS" signature="toerasereport()[pri:0, instance:testNG_extents_report.Extentest@38c5cc4c]" name="toerasereport" is-config="true" duration-ms="613" started-at="2020-11-21T19:17:16 IST" finished-at="2020-11-21T19:17:17 IST">
          <reporter-output>
          </reporter-output>
        </test-method> <!-- toerasereport -->
      </class> <!-- testNG_extents_report.Extentest -->
    </test> <!-- Default test -->
  </suite> <!-- Default suite -->
</testng-results>
